2018-12-17 17:10:01,339 - Trying to use logger class org.apache.velocity.runtime.log.SimpleLog4JLogSystem
2018-12-17 17:10:01,339 - Using logger class org.apache.velocity.runtime.log.SimpleLog4JLogSystem
2018-12-17 17:10:01,339 - Default ResourceManager initializing. (class org.apache.velocity.runtime.resource.ResourceManagerImpl)
2018-12-17 17:10:01,339 - Resource Loader Instantiated: org.apache.velocity.runtime.resource.loader.ClasspathResourceLoader
2018-12-17 17:10:01,339 - ClasspathResourceLoader : initialization starting.
2018-12-17 17:10:01,339 - ClasspathResourceLoader : initialization complete.
2018-12-17 17:10:01,339 - ResourceCache : initialized. (class org.apache.velocity.runtime.resource.ResourceCacheImpl)
2018-12-17 17:10:01,355 - Default ResourceManager initialization complete.
2018-12-17 17:10:01,355 - Loaded System Directive: org.apache.velocity.runtime.directive.Literal
2018-12-17 17:10:01,355 - Loaded System Directive: org.apache.velocity.runtime.directive.Macro
2018-12-17 17:10:01,355 - Loaded System Directive: org.apache.velocity.runtime.directive.Parse
2018-12-17 17:10:01,355 - Loaded System Directive: org.apache.velocity.runtime.directive.Include
2018-12-17 17:10:01,355 - Loaded System Directive: org.apache.velocity.runtime.directive.Foreach
2018-12-17 17:10:01,386 - Created: 20 parsers.
2018-12-17 17:10:01,386 - Velocimacro : initialization starting.
2018-12-17 17:10:01,386 - Velocimacro : adding VMs from VM library template : VM_global_library.vm
2018-12-17 17:10:01,402 - ResourceManager : unable to find resource 'VM_global_library.vm' in any resource loader.
2018-12-17 17:10:01,402 - Velocimacro : error using  VM library template VM_global_library.vm : org.apache.velocity.exception.ResourceNotFoundException: Unable to find resource 'VM_global_library.vm'
2018-12-17 17:10:01,402 - Velocimacro :  VM library template macro registration complete.
2018-12-17 17:10:01,402 - Velocimacro : allowInline = true : VMs can be defined inline in templates
2018-12-17 17:10:01,402 - Velocimacro : allowInlineToOverride = false : VMs defined inline may NOT replace previous VM definitions
2018-12-17 17:10:01,402 - Velocimacro : allowInlineLocal = false : VMs defined inline will be  global in scope if allowed.
2018-12-17 17:10:01,402 - Velocimacro : messages on  : VM system will output logging messages
2018-12-17 17:10:01,402 - Velocimacro : autoload off  : VM system will not automatically reload global library macros
2018-12-17 17:10:01,402 - Velocimacro : initialization complete.
2018-12-17 17:10:01,402 - Velocity successfully started.
2018-12-17 17:11:56,853 - SimpleLog4JLogSystem initialized using logfile 'velocity.log'
2018-12-17 17:11:56,853 - ************************************************************** 
2018-12-17 17:11:56,853 - Starting Jakarta Velocity v1.4
2018-12-17 17:11:56,853 - RuntimeInstance initializing.
2018-12-17 17:11:56,853 - Default Properties File: org\apache\velocity\runtime\defaults\velocity.properties
2018-12-17 17:11:56,853 - Trying to use logger class org.apache.velocity.runtime.log.SimpleLog4JLogSystem
2018-12-17 17:11:56,853 - Using logger class org.apache.velocity.runtime.log.SimpleLog4JLogSystem
2018-12-17 17:11:56,853 - Default ResourceManager initializing. (class org.apache.velocity.runtime.resource.ResourceManagerImpl)
2018-12-17 17:11:56,853 - Resource Loader Instantiated: org.apache.velocity.runtime.resource.loader.ClasspathResourceLoader
2018-12-17 17:11:56,853 - ClasspathResourceLoader : initialization starting.
2018-12-17 17:11:56,853 - ClasspathResourceLoader : initialization complete.
2018-12-17 17:11:56,869 - ResourceCache : initialized. (class org.apache.velocity.runtime.resource.ResourceCacheImpl)
2018-12-17 17:11:56,869 - Default ResourceManager initialization complete.
2018-12-17 17:11:56,869 - Loaded System Directive: org.apache.velocity.runtime.directive.Literal
2018-12-17 17:11:56,869 - Loaded System Directive: org.apache.velocity.runtime.directive.Macro
2018-12-17 17:11:56,869 - Loaded System Directive: org.apache.velocity.runtime.directive.Parse
2018-12-17 17:11:56,885 - Loaded System Directive: org.apache.velocity.runtime.directive.Include
2018-12-17 17:11:56,885 - Loaded System Directive: org.apache.velocity.runtime.directive.Foreach
2018-12-17 17:11:56,916 - Created: 20 parsers.
2018-12-17 17:11:56,931 - Velocimacro : initialization starting.
2018-12-17 17:11:56,931 - Velocimacro : adding VMs from VM library template : VM_global_library.vm
2018-12-17 17:11:56,947 - ResourceManager : unable to find resource 'VM_global_library.vm' in any resource loader.
2018-12-17 17:11:56,947 - Velocimacro : error using  VM library template VM_global_library.vm : org.apache.velocity.exception.ResourceNotFoundException: Unable to find resource 'VM_global_library.vm'
2018-12-17 17:11:56,947 - Velocimacro :  VM library template macro registration complete.
2018-12-17 17:11:56,947 - Velocimacro : allowInline = true : VMs can be defined inline in templates
2018-12-17 17:11:56,947 - Velocimacro : allowInlineToOverride = false : VMs defined inline may NOT replace previous VM definitions
2018-12-17 17:11:56,947 - Velocimacro : allowInlineLocal = false : VMs defined inline will be  global in scope if allowed.
2018-12-17 17:11:56,947 - Velocimacro : messages on  : VM system will output logging messages
2018-12-17 17:11:56,947 - Velocimacro : autoload off  : VM system will not automatically reload global library macros
2018-12-17 17:11:56,947 - Velocimacro : initialization complete.
2018-12-17 17:11:56,947 - Velocity successfully started.
2018-12-17 17:15:09,105 - SimpleLog4JLogSystem initialized using logfile 'velocity.log'
2018-12-17 17:15:09,105 - ************************************************************** 
2018-12-17 17:15:09,105 - Starting Jakarta Velocity v1.4
2018-12-17 17:15:09,105 - RuntimeInstance initializing.
2018-12-17 17:15:09,105 - Default Properties File: org\apache\velocity\runtime\defaults\velocity.properties
2018-12-17 17:15:09,105 - Trying to use logger class org.apache.velocity.runtime.log.SimpleLog4JLogSystem
2018-12-17 17:15:09,105 - Using logger class org.apache.velocity.runtime.log.SimpleLog4JLogSystem
2018-12-17 17:15:09,105 - Default ResourceManager initializing. (class org.apache.velocity.runtime.resource.ResourceManagerImpl)
2018-12-17 17:15:09,105 - Resource Loader Instantiated: org.apache.velocity.runtime.resource.loader.ClasspathResourceLoader
2018-12-17 17:15:09,105 - ClasspathResourceLoader : initialization starting.
2018-12-17 17:15:09,105 - ClasspathResourceLoader : initialization complete.
2018-12-17 17:15:09,105 - ResourceCache : initialized. (class org.apache.velocity.runtime.resource.ResourceCacheImpl)
2018-12-17 17:15:09,105 - Default ResourceManager initialization complete.
2018-12-17 17:15:09,105 - Loaded System Directive: org.apache.velocity.runtime.directive.Literal
2018-12-17 17:15:09,105 - Loaded System Directive: org.apache.velocity.runtime.directive.Macro
2018-12-17 17:15:09,105 - Loaded System Directive: org.apache.velocity.runtime.directive.Parse
2018-12-17 17:15:09,105 - Loaded System Directive: org.apache.velocity.runtime.directive.Include
2018-12-17 17:15:09,120 - Loaded System Directive: org.apache.velocity.runtime.directive.Foreach
2018-12-17 17:15:09,136 - Created: 20 parsers.
2018-12-17 17:15:09,136 - Velocimacro : initialization starting.
2018-12-17 17:15:09,136 - Velocimacro : adding VMs from VM library template : VM_global_library.vm
2018-12-17 17:15:09,152 - ResourceManager : unable to find resource 'VM_global_library.vm' in any resource loader.
2018-12-17 17:15:09,152 - Velocimacro : error using  VM library template VM_global_library.vm : org.apache.velocity.exception.ResourceNotFoundException: Unable to find resource 'VM_global_library.vm'
2018-12-17 17:15:09,152 - Velocimacro :  VM library template macro registration complete.
2018-12-17 17:15:09,152 - Velocimacro : allowInline = true : VMs can be defined inline in templates
2018-12-17 17:15:09,152 - Velocimacro : allowInlineToOverride = false : VMs defined inline may NOT replace previous VM definitions
2018-12-17 17:15:09,152 - Velocimacro : allowInlineLocal = false : VMs defined inline will be  global in scope if allowed.
2018-12-17 17:15:09,152 - Velocimacro : messages on  : VM system will output logging messages
2018-12-17 17:15:09,152 - Velocimacro : autoload off  : VM system will not automatically reload global library macros
2018-12-17 17:15:09,152 - Velocimacro : initialization complete.
2018-12-17 17:15:09,152 - Velocity successfully started.
2018-12-17 17:16:18,679 - SimpleLog4JLogSystem initialized using logfile 'velocity.log'
2018-12-17 17:16:18,679 - ************************************************************** 
2018-12-17 17:16:18,679 - Starting Jakarta Velocity v1.4
2018-12-17 17:16:18,679 - RuntimeInstance initializing.
2018-12-17 17:16:18,679 - Default Properties File: org\apache\velocity\runtime\defaults\velocity.properties
2018-12-17 17:16:18,679 - Trying to use logger class org.apache.velocity.runtime.log.SimpleLog4JLogSystem
2018-12-17 17:16:18,679 - Using logger class org.apache.velocity.runtime.log.SimpleLog4JLogSystem
2018-12-17 17:16:18,695 - Default ResourceManager initializing. (class org.apache.velocity.runtime.resource.ResourceManagerImpl)
2018-12-17 17:16:18,695 - Resource Loader Instantiated: org.apache.velocity.runtime.resource.loader.ClasspathResourceLoader
2018-12-17 17:16:18,695 - ClasspathResourceLoader : initialization starting.
2018-12-17 17:16:18,695 - ClasspathResourceLoader : initialization complete.
2018-12-17 17:16:18,695 - ResourceCache : initialized. (class org.apache.velocity.runtime.resource.ResourceCacheImpl)
2018-12-17 17:16:18,695 - Default ResourceManager initialization complete.
2018-12-17 17:16:18,695 - Loaded System Directive: org.apache.velocity.runtime.directive.Literal
2018-12-17 17:16:18,710 - Loaded System Directive: org.apache.velocity.runtime.directive.Macro
2018-12-17 17:16:18,710 - Loaded System Directive: org.apache.velocity.runtime.directive.Parse
2018-12-17 17:16:18,710 - Loaded System Directive: org.apache.velocity.runtime.directive.Include
2018-12-17 17:16:18,710 - Loaded System Directive: org.apache.velocity.runtime.directive.Foreach
2018-12-17 17:16:18,741 - Created: 20 parsers.
2018-12-17 17:16:18,757 - Velocimacro : initialization starting.
2018-12-17 17:16:18,757 - Velocimacro : adding VMs from VM library template : VM_global_library.vm
2018-12-17 17:16:18,773 - ResourceManager : unable to find resource 'VM_global_library.vm' in any resource loader.
2018-12-17 17:16:18,773 - Velocimacro : error using  VM library template VM_global_library.vm : org.apache.velocity.exception.ResourceNotFoundException: Unable to find resource 'VM_global_library.vm'
2018-12-17 17:16:18,773 - Velocimacro :  VM library template macro registration complete.
2018-12-17 17:16:18,773 - Velocimacro : allowInline = true : VMs can be defined inline in templates
2018-12-17 17:16:18,773 - Velocimacro : allowInlineToOverride = false : VMs defined inline may NOT replace previous VM definitions
2018-12-17 17:16:18,773 - Velocimacro : allowInlineLocal = false : VMs defined inline will be  global in scope if allowed.
2018-12-17 17:16:18,773 - Velocimacro : messages on  : VM system will output logging messages
2018-12-17 17:16:18,773 - Velocimacro : autoload off  : VM system will not automatically reload global library macros
2018-12-17 17:16:18,773 - Velocimacro : initialization complete.
2018-12-17 17:16:18,773 - Velocity successfully started.
2018-12-17 17:18:26,948 - SimpleLog4JLogSystem initialized using logfile 'velocity.log'
2018-12-17 17:18:26,948 - ************************************************************** 
2018-12-17 17:18:26,948 - Starting Jakarta Velocity v1.4
2018-12-17 17:18:26,948 - RuntimeInstance initializing.
2018-12-17 17:18:26,948 - Default Properties File: org\apache\velocity\runtime\defaults\velocity.properties
2018-12-17 17:18:26,948 - Trying to use logger class org.apache.velocity.runtime.log.SimpleLog4JLogSystem
2018-12-17 17:18:26,948 - Using logger class org.apache.velocity.runtime.log.SimpleLog4JLogSystem
2018-12-17 17:18:26,948 - Default ResourceManager initializing. (class org.apache.velocity.runtime.resource.ResourceManagerImpl)
2018-12-17 17:18:26,948 - Resource Loader Instantiated: org.apache.velocity.runtime.resource.loader.ClasspathResourceLoader
2018-12-17 17:18:26,948 - ClasspathResourceLoader : initialization starting.
2018-12-17 17:18:26,948 - ClasspathResourceLoader : initialization complete.
2018-12-17 17:18:26,948 - ResourceCache : initialized. (class org.apache.velocity.runtime.resource.ResourceCacheImpl)
2018-12-17 17:18:26,948 - Default ResourceManager initialization complete.
2018-12-17 17:18:26,963 - Loaded System Directive: org.apache.velocity.runtime.directive.Literal
2018-12-17 17:18:26,963 - Loaded System Directive: org.apache.velocity.runtime.directive.Macro
2018-12-17 17:18:26,963 - Loaded System Directive: org.apache.velocity.runtime.directive.Parse
2018-12-17 17:18:26,963 - Loaded System Directive: org.apache.velocity.runtime.directive.Include
2018-12-17 17:18:26,963 - Loaded System Directive: org.apache.velocity.runtime.directive.Foreach
2018-12-17 17:18:27,015 - Created: 20 parsers.
2018-12-17 17:18:27,030 - Velocimacro : initialization starting.
2018-12-17 17:18:27,030 - Velocimacro : adding VMs from VM library template : VM_global_library.vm
2018-12-17 17:18:27,042 - ResourceManager : unable to find resource 'VM_global_library.vm' in any resource loader.
2018-12-17 17:18:27,042 - Velocimacro : error using  VM library template VM_global_library.vm : org.apache.velocity.exception.ResourceNotFoundException: Unable to find resource 'VM_global_library.vm'
2018-12-17 17:18:27,042 - Velocimacro :  VM library template macro registration complete.
2018-12-17 17:18:27,042 - Velocimacro : allowInline = true : VMs can be defined inline in templates
2018-12-17 17:18:27,042 - Velocimacro : allowInlineToOverride = false : VMs defined inline may NOT replace previous VM definitions
2018-12-17 17:18:27,042 - Velocimacro : allowInlineLocal = false : VMs defined inline will be  global in scope if allowed.
2018-12-17 17:18:27,042 - Velocimacro : messages on  : VM system will output logging messages
2018-12-17 17:18:27,042 - Velocimacro : autoload off  : VM system will not automatically reload global library macros
2018-12-17 17:18:27,042 - Velocimacro : initialization complete.
2018-12-17 17:18:27,042 - Velocity successfully started.
2018-12-17 17:19:59,646 - SimpleLog4JLogSystem initialized using logfile 'velocity.log'
2018-12-17 17:19:59,646 - ************************************************************** 
2018-12-17 17:19:59,646 - Starting Jakarta Velocity v1.4
2018-12-17 17:19:59,646 - RuntimeInstance initializing.
2018-12-17 17:19:59,646 - Default Properties File: org\apache\velocity\runtime\defaults\velocity.properties
2018-12-17 17:19:59,646 - Trying to use logger class org.apache.velocity.runtime.log.SimpleLog4JLogSystem
2018-12-17 17:19:59,646 - Using logger class org.apache.velocity.runtime.log.SimpleLog4JLogSystem
2018-12-17 17:19:59,646 - Default ResourceManager initializing. (class org.apache.velocity.runtime.resource.ResourceManagerImpl)
2018-12-17 17:19:59,646 - Resource Loader Instantiated: org.apache.velocity.runtime.resource.loader.ClasspathResourceLoader
2018-12-17 17:19:59,646 - ClasspathResourceLoader : initialization starting.
2018-12-17 17:19:59,646 - ClasspathResourceLoader : initialization complete.
2018-12-17 17:19:59,661 - ResourceCache : initialized. (class org.apache.velocity.runtime.resource.ResourceCacheImpl)
2018-12-17 17:19:59,661 - Default ResourceManager initialization complete.
2018-12-17 17:19:59,661 - Loaded System Directive: org.apache.velocity.runtime.directive.Literal
2018-12-17 17:19:59,661 - Loaded System Directive: org.apache.velocity.runtime.directive.Macro
2018-12-17 17:19:59,661 - Loaded System Directive: org.apache.velocity.runtime.directive.Parse
2018-12-17 17:19:59,661 - Loaded System Directive: org.apache.velocity.runtime.directive.Include
2018-12-17 17:19:59,677 - Loaded System Directive: org.apache.velocity.runtime.directive.Foreach
2018-12-17 17:19:59,708 - Created: 20 parsers.
2018-12-17 17:19:59,708 - Velocimacro : initialization starting.
2018-12-17 17:19:59,708 - Velocimacro : adding VMs from VM library template : VM_global_library.vm
2018-12-17 17:19:59,724 - ResourceManager : unable to find resource 'VM_global_library.vm' in any resource loader.
2018-12-17 17:19:59,724 - Velocimacro : error using  VM library template VM_global_library.vm : org.apache.velocity.exception.ResourceNotFoundException: Unable to find resource 'VM_global_library.vm'
2018-12-17 17:19:59,724 - Velocimacro :  VM library template macro registration complete.
2018-12-17 17:19:59,724 - Velocimacro : allowInline = true : VMs can be defined inline in templates
2018-12-17 17:19:59,724 - Velocimacro : allowInlineToOverride = false : VMs defined inline may NOT replace previous VM definitions
2018-12-17 17:19:59,724 - Velocimacro : allowInlineLocal = false : VMs defined inline will be  global in scope if allowed.
2018-12-17 17:19:59,724 - Velocimacro : messages on  : VM system will output logging messages
2018-12-17 17:19:59,724 - Velocimacro : autoload off  : VM system will not automatically reload global library macros
2018-12-17 17:19:59,724 - Velocimacro : initialization complete.
2018-12-17 17:19:59,724 - Velocity successfully started.
2018-12-17 17:22:48,041 - SimpleLog4JLogSystem initialized using logfile 'velocity.log'
2018-12-17 17:22:48,041 - ************************************************************** 
2018-12-17 17:22:48,041 - Starting Jakarta Velocity v1.4
2018-12-17 17:22:48,041 - RuntimeInstance initializing.
2018-12-17 17:22:48,041 - Default Properties File: org\apache\velocity\runtime\defaults\velocity.properties
2018-12-17 17:22:48,041 - Trying to use logger class org.apache.velocity.runtime.log.SimpleLog4JLogSystem
2018-12-17 17:22:48,041 - Using logger class org.apache.velocity.runtime.log.SimpleLog4JLogSystem
2018-12-17 17:22:48,041 - Default ResourceManager initializing. (class org.apache.velocity.runtime.resource.ResourceManagerImpl)
2018-12-17 17:22:48,057 - Resource Loader Instantiated: org.apache.velocity.runtime.resource.loader.ClasspathResourceLoader
2018-12-17 17:22:48,057 - ClasspathResourceLoader : initialization starting.
2018-12-17 17:22:48,057 - ClasspathResourceLoader : initialization complete.
2018-12-17 17:22:48,057 - ResourceCache : initialized. (class org.apache.velocity.runtime.resource.ResourceCacheImpl)
2018-12-17 17:22:48,057 - Default ResourceManager initialization complete.
2018-12-17 17:22:48,057 - Loaded System Directive: org.apache.velocity.runtime.directive.Literal
2018-12-17 17:22:48,057 - Loaded System Directive: org.apache.velocity.runtime.directive.Macro
2018-12-17 17:22:48,073 - Loaded System Directive: org.apache.velocity.runtime.directive.Parse
2018-12-17 17:22:48,073 - Loaded System Directive: org.apache.velocity.runtime.directive.Include
2018-12-17 17:22:48,073 - Loaded System Directive: org.apache.velocity.runtime.directive.Foreach
2018-12-17 17:22:48,104 - Created: 20 parsers.
2018-12-17 17:22:48,120 - Velocimacro : initialization starting.
2018-12-17 17:22:48,120 - Velocimacro : adding VMs from VM library template : VM_global_library.vm
2018-12-17 17:22:48,135 - ResourceManager : unable to find resource 'VM_global_library.vm' in any resource loader.
2018-12-17 17:22:48,135 - Velocimacro : error using  VM library template VM_global_library.vm : org.apache.velocity.exception.ResourceNotFoundException: Unable to find resource 'VM_global_library.vm'
2018-12-17 17:22:48,135 - Velocimacro :  VM library template macro registration complete.
2018-12-17 17:22:48,135 - Velocimacro : allowInline = true : VMs can be defined inline in templates
2018-12-17 17:22:48,135 - Velocimacro : allowInlineToOverride = false : VMs defined inline may NOT replace previous VM definitions
2018-12-17 17:22:48,135 - Velocimacro : allowInlineLocal = false : VMs defined inline will be  global in scope if allowed.
2018-12-17 17:22:48,135 - Velocimacro : messages on  : VM system will output logging messages
2018-12-17 17:22:48,135 - Velocimacro : autoload off  : VM system will not automatically reload global library macros
2018-12-17 17:22:48,135 - Velocimacro : initialization complete.
2018-12-17 17:22:48,135 - Velocity successfully started.
2018-12-17 17:28:32,682 - SimpleLog4JLogSystem initialized using logfile 'velocity.log'
2018-12-17 17:28:32,682 - ************************************************************** 
2018-12-17 17:28:32,682 - Starting Jakarta Velocity v1.4
2018-12-17 17:28:32,682 - RuntimeInstance initializing.
2018-12-17 17:28:32,682 - Default Properties File: org\apache\velocity\runtime\defaults\velocity.properties
2018-12-17 17:28:32,682 - Trying to use logger class org.apache.velocity.runtime.log.SimpleLog4JLogSystem
2018-12-17 17:28:32,682 - Using logger class org.apache.velocity.runtime.log.SimpleLog4JLogSystem
2018-12-17 17:28:32,682 - Default ResourceManager initializing. (class org.apache.velocity.runtime.resource.ResourceManagerImpl)
2018-12-17 17:28:32,682 - Resource Loader Instantiated: org.apache.velocity.runtime.resource.loader.ClasspathResourceLoader
2018-12-17 17:28:32,682 - ClasspathResourceLoader : initialization starting.
2018-12-17 17:28:32,682 - ClasspathResourceLoader : initialization complete.
2018-12-17 17:28:32,682 - ResourceCache : initialized. (class org.apache.velocity.runtime.resource.ResourceCacheImpl)
2018-12-17 17:28:32,682 - Default ResourceManager initialization complete.
2018-12-17 17:28:32,698 - Loaded System Directive: org.apache.velocity.runtime.directive.Literal
2018-12-17 17:28:32,698 - Loaded System Directive: org.apache.velocity.runtime.directive.Macro
2018-12-17 17:28:32,698 - Loaded System Directive: org.apache.velocity.runtime.directive.Parse
2018-12-17 17:28:32,698 - Loaded System Directive: org.apache.velocity.runtime.directive.Include
2018-12-17 17:28:32,698 - Loaded System Directive: org.apache.velocity.runtime.directive.Foreach
2018-12-17 17:28:32,729 - Created: 20 parsers.
2018-12-17 17:28:32,745 - Velocimacro : initialization starting.
2018-12-17 17:28:32,745 - Velocimacro : adding VMs from VM library template : VM_global_library.vm
2018-12-17 17:28:32,760 - ResourceManager : unable to find resource 'VM_global_library.vm' in any resource loader.
2018-12-17 17:28:32,760 - Velocimacro : error using  VM library template VM_global_library.vm : org.apache.velocity.exception.ResourceNotFoundException: Unable to find resource 'VM_global_library.vm'
2018-12-17 17:28:32,760 - Velocimacro :  VM library template macro registration complete.
2018-12-17 17:28:32,760 - Velocimacro : allowInline = true : VMs can be defined inline in templates
2018-12-17 17:28:32,760 - Velocimacro : allowInlineToOverride = false : VMs defined inline may NOT replace previous VM definitions
2018-12-17 17:28:32,760 - Velocimacro : allowInlineLocal = false : VMs defined inline will be  global in scope if allowed.
2018-12-17 17:28:32,760 - Velocimacro : messages on  : VM system will output logging messages
2018-12-17 17:28:32,760 - Velocimacro : autoload off  : VM system will not automatically reload global library macros
2018-12-17 17:28:32,760 - Velocimacro : initialization complete.
2018-12-17 17:28:32,760 - Velocity successfully started.
2018-12-17 17:32:18,676 - SimpleLog4JLogSystem initialized using logfile 'velocity.log'
2018-12-17 17:32:18,676 - ************************************************************** 
2018-12-17 17:32:18,676 - Starting Jakarta Velocity v1.4
2018-12-17 17:32:18,676 - RuntimeInstance initializing.
2018-12-17 17:32:18,676 - Default Properties File: org\apache\velocity\runtime\defaults\velocity.properties
2018-12-17 17:32:18,676 - Trying to use logger class org.apache.velocity.runtime.log.SimpleLog4JLogSystem
2018-12-17 17:32:18,676 - Using logger class org.apache.velocity.runtime.log.SimpleLog4JLogSystem
2018-12-17 17:32:18,691 - Default ResourceManager initializing. (class org.apache.velocity.runtime.resource.ResourceManagerImpl)
2018-12-17 17:32:18,691 - Resource Loader Instantiated: org.apache.velocity.runtime.resource.loader.ClasspathResourceLoader
2018-12-17 17:32:18,691 - ClasspathResourceLoader : initialization starting.
2018-12-17 17:32:18,691 - ClasspathResourceLoader : initialization complete.
2018-12-17 17:32:18,691 - ResourceCache : initialized. (class org.apache.velocity.runtime.resource.ResourceCacheImpl)
2018-12-17 17:32:18,691 - Default ResourceManager initialization complete.
2018-12-17 17:32:18,691 - Loaded System Directive: org.apache.velocity.runtime.directive.Literal
2018-12-17 17:32:18,707 - Loaded System Directive: org.apache.velocity.runtime.directive.Macro
2018-12-17 17:32:18,707 - Loaded System Directive: org.apache.velocity.runtime.directive.Parse
2018-12-17 17:32:18,707 - Loaded System Directive: org.apache.velocity.runtime.directive.Include
2018-12-17 17:32:18,707 - Loaded System Directive: org.apache.velocity.runtime.directive.Foreach
2018-12-17 17:32:18,738 - Created: 20 parsers.
2018-12-17 17:32:18,754 - Velocimacro : initialization starting.
2018-12-17 17:32:18,754 - Velocimacro : adding VMs from VM library template : VM_global_library.vm
2018-12-17 17:32:18,769 - ResourceManager : unable to find resource 'VM_global_library.vm' in any resource loader.
2018-12-17 17:32:18,769 - Velocimacro : error using  VM library template VM_global_library.vm : org.apache.velocity.exception.ResourceNotFoundException: Unable to find resource 'VM_global_library.vm'
2018-12-17 17:32:18,769 - Velocimacro :  VM library template macro registration complete.
2018-12-17 17:32:18,769 - Velocimacro : allowInline = true : VMs can be defined inline in templates
2018-12-17 17:32:18,769 - Velocimacro : allowInlineToOverride = false : VMs defined inline may NOT replace previous VM definitions
2018-12-17 17:32:18,769 - Velocimacro : allowInlineLocal = false : VMs defined inline will be  global in scope if allowed.
2018-12-17 17:32:18,769 - Velocimacro : messages on  : VM system will output logging messages
2018-12-17 17:32:18,769 - Velocimacro : autoload off  : VM system will not automatically reload global library macros
2018-12-17 17:32:18,769 - Velocimacro : initialization complete.
2018-12-17 17:32:18,769 - Velocity successfully started.
2018-12-17 17:35:50,886 - SimpleLog4JLogSystem initialized using logfile 'velocity.log'
2018-12-17 17:35:50,886 - ************************************************************** 
2018-12-17 17:35:50,886 - Starting Jakarta Velocity v1.4
2018-12-17 17:35:50,886 - RuntimeInstance initializing.
2018-12-17 17:35:50,886 - Default Properties File: org\apache\velocity\runtime\defaults\velocity.properties
2018-12-17 17:35:50,886 - Trying to use logger class org.apache.velocity.runtime.log.SimpleLog4JLogSystem
2018-12-17 17:35:50,886 - Using logger class org.apache.velocity.runtime.log.SimpleLog4JLogSystem
2018-12-17 17:35:50,886 - Default ResourceManager initializing. (class org.apache.velocity.runtime.resource.ResourceManagerImpl)
2018-12-17 17:35:50,886 - Resource Loader Instantiated: org.apache.velocity.runtime.resource.loader.ClasspathResourceLoader
2018-12-17 17:35:50,886 - ClasspathResourceLoader : initialization starting.
2018-12-17 17:35:50,886 - ClasspathResourceLoader : initialization complete.
2018-12-17 17:35:50,901 - ResourceCache : initialized. (class org.apache.velocity.runtime.resource.ResourceCacheImpl)
2018-12-17 17:35:50,901 - Default ResourceManager initialization complete.
2018-12-17 17:35:50,901 - Loaded System Directive: org.apache.velocity.runtime.directive.Literal
2018-12-17 17:35:50,901 - Loaded System Directive: org.apache.velocity.runtime.directive.Macro
2018-12-17 17:35:50,901 - Loaded System Directive: org.apache.velocity.runtime.directive.Parse
2018-12-17 17:35:50,917 - Loaded System Directive: org.apache.velocity.runtime.directive.Include
2018-12-17 17:35:50,917 - Loaded System Directive: org.apache.velocity.runtime.directive.Foreach
2018-12-17 17:35:50,948 - Created: 20 parsers.
2018-12-17 17:35:50,964 - Velocimacro : initialization starting.
2018-12-17 17:35:50,964 - Velocimacro : adding VMs from VM library template : VM_global_library.vm
2018-12-17 17:35:50,979 - ResourceManager : unable to find resource 'VM_global_library.vm' in any resource loader.
2018-12-17 17:35:50,979 - Velocimacro : error using  VM library template VM_global_library.vm : org.apache.velocity.exception.ResourceNotFoundException: Unable to find resource 'VM_global_library.vm'
2018-12-17 17:35:50,979 - Velocimacro :  VM library template macro registration complete.
2018-12-17 17:35:50,979 - Velocimacro : allowInline = true : VMs can be defined inline in templates
2018-12-17 17:35:50,979 - Velocimacro : allowInlineToOverride = false : VMs defined inline may NOT replace previous VM definitions
2018-12-17 17:35:50,979 - Velocimacro : allowInlineLocal = false : VMs defined inline will be  global in scope if allowed.
2018-12-17 17:35:50,979 - Velocimacro : messages on  : VM system will output logging messages
2018-12-17 17:35:50,979 - Velocimacro : autoload off  : VM system will not automatically reload global library macros
2018-12-17 17:35:50,979 - Velocimacro : initialization complete.
2018-12-17 17:35:50,979 - Velocity successfully started.
2018-12-17 17:39:53,620 - SimpleLog4JLogSystem initialized using logfile 'velocity.log'
2018-12-17 17:39:53,621 - ************************************************************** 
2018-12-17 17:39:53,621 - Starting Jakarta Velocity v1.4
2018-12-17 17:39:53,621 - RuntimeInstance initializing.
2018-12-17 17:39:53,621 - Default Properties File: org\apache\velocity\runtime\defaults\velocity.properties
2018-12-17 17:39:53,621 - Trying to use logger class org.apache.velocity.runtime.log.SimpleLog4JLogSystem
2018-12-17 17:39:53,621 - Using logger class org.apache.velocity.runtime.log.SimpleLog4JLogSystem
2018-12-17 17:39:53,626 - Default ResourceManager initializing. (class org.apache.velocity.runtime.resource.ResourceManagerImpl)
2018-12-17 17:39:53,631 - Resource Loader Instantiated: org.apache.velocity.runtime.resource.loader.ClasspathResourceLoader
2018-12-17 17:39:53,631 - ClasspathResourceLoader : initialization starting.
2018-12-17 17:39:53,631 - ClasspathResourceLoader : initialization complete.
2018-12-17 17:39:53,634 - ResourceCache : initialized. (class org.apache.velocity.runtime.resource.ResourceCacheImpl)
2018-12-17 17:39:53,634 - Default ResourceManager initialization complete.
2018-12-17 17:39:53,638 - Loaded System Directive: org.apache.velocity.runtime.directive.Literal
2018-12-17 17:39:53,641 - Loaded System Directive: org.apache.velocity.runtime.directive.Macro
2018-12-17 17:39:53,645 - Loaded System Directive: org.apache.velocity.runtime.directive.Parse
2018-12-17 17:39:53,648 - Loaded System Directive: org.apache.velocity.runtime.directive.Include
2018-12-17 17:39:53,650 - Loaded System Directive: org.apache.velocity.runtime.directive.Foreach
2018-12-17 17:39:53,685 - Created: 20 parsers.
2018-12-17 17:39:53,700 - Velocimacro : initialization starting.
2018-12-17 17:39:53,700 - Velocimacro : adding VMs from VM library template : VM_global_library.vm
2018-12-17 17:39:53,718 - ResourceManager : unable to find resource 'VM_global_library.vm' in any resource loader.
2018-12-17 17:39:53,718 - Velocimacro : error using  VM library template VM_global_library.vm : org.apache.velocity.exception.ResourceNotFoundException: Unable to find resource 'VM_global_library.vm'
2018-12-17 17:39:53,718 - Velocimacro :  VM library template macro registration complete.
2018-12-17 17:39:53,718 - Velocimacro : allowInline = true : VMs can be defined inline in templates
2018-12-17 17:39:53,718 - Velocimacro : allowInlineToOverride = false : VMs defined inline may NOT replace previous VM definitions
2018-12-17 17:39:53,718 - Velocimacro : allowInlineLocal = false : VMs defined inline will be  global in scope if allowed.
2018-12-17 17:39:53,718 - Velocimacro : messages on  : VM system will output logging messages
2018-12-17 17:39:53,718 - Velocimacro : autoload off  : VM system will not automatically reload global library macros
2018-12-17 17:39:53,718 - Velocimacro : initialization complete.
2018-12-17 17:39:53,718 - Velocity successfully started.
